17:24:10.058 [main] DEBUG org.apache.poi.openxml4j.opc.PackageRelationshipCollection - Parsing relationship: /_rels/.rels
17:24:10.253 [main] DEBUG org.apache.poi.openxml4j.opc.PackageRelationshipCollection - Parsing relationship: /xl/_rels/workbook.xml.rels
17:24:10.256 [main] DEBUG org.apache.poi.openxml4j.opc.PackageRelationshipCollection - Parsing relationship: /xl/worksheets/_rels/sheet1.xml.rels
17:24:10.260 [main] DEBUG org.apache.poi.openxml4j.opc.PackageRelationshipCollection - Parsing relationship: /_rels/.rels
17:24:10.379 [main] DEBUG org.apache.poi.openxml4j.opc.PackageRelationshipCollection - Parsing relationship: /xl/_rels/workbook.xml.rels
17:24:10.385 [main] DEBUG org.apache.poi.openxml4j.opc.PackageRelationshipCollection - Parsing relationship: /xl/worksheets/_rels/sheet1.xml.rels
17:24:10.392 [main] DEBUG org.apache.poi.openxml4j.opc.PackageRelationshipCollection - Parsing relationship: /_rels/.rels
17:24:10.441 [main] DEBUG org.apache.poi.openxml4j.opc.PackageRelationshipCollection - Parsing relationship: /xl/_rels/workbook.xml.rels
17:24:10.442 [main] DEBUG org.apache.poi.openxml4j.opc.PackageRelationshipCollection - Parsing relationship: /xl/worksheets/_rels/sheet1.xml.rels
17:24:10.444 [main] DEBUG org.apache.poi.openxml4j.opc.PackageRelationshipCollection - Parsing relationship: /_rels/.rels
17:24:10.526 [main] INFO  testCases.loginDDT - **login test started*
17:24:16.996 [main] INFO  testCases.loginDDT - **login test started*
17:24:33.546 [main] INFO  testCases.loginDDT - **login test started*
17:24:48.221 [main] INFO  testCases.loginDDT - **login test started*
17:25:02.502 [main] INFO  testCases.loginDDT - **login test started*
10:20:23.823 [main] DEBUG org.testng.TestNG - suiteXmlPath: "C:\workspaces\core java practice\opencartv121\master.xml"
10:20:24.465 [main] INFO  org.testng.internal.Utils - [TestNG] Running:
  C:\workspaces\core java practice\opencartv121\master.xml

10:21:31.854 [main] INFO  testCases.TC002_LoginTest - **login test started*
10:21:39.206 [main] INFO  testCases.TC002_LoginTest - **finished teting**
10:21:39.217 [main] INFO  testCases.TC002_LoginTest - **login test started*
10:21:49.480 [main] INFO  testCases.TC002_LoginTest - **login test started*
10:21:59.822 [main] INFO  testCases.TC002_LoginTest - **login test started*
10:22:09.989 [main] INFO  testCases.TC002_LoginTest - **login test started*
10:38:19.539 [main] DEBUG org.testng.TestNG - suiteXmlPath: "C:\workspaces\core java practice\opencartv121\master.xml"
10:38:20.249 [main] INFO  org.testng.internal.Utils - [TestNG] Running:
  C:\workspaces\core java practice\opencartv121\master.xml

10:38:30.134 [main] INFO  testCases.TC001_AccountRegistration - ****Starting  TC001_AccountRegistration *****
10:38:32.064 [main] INFO  testCases.TC001_AccountRegistration - **clicked on my Account**
10:38:43.782 [main] INFO  testCases.TC001_AccountRegistration - **clicked on register
10:38:45.060 [main] INFO  testCases.TC001_AccountRegistration - **entered all the details**
10:38:45.991 [main] INFO  testCases.TC001_AccountRegistration - **confirming the details
10:39:37.735 [main] DEBUG org.testng.TestNG - suiteXmlPath: "C:\workspaces\core java practice\opencartv121\master.xml"
10:39:38.295 [main] INFO  org.testng.internal.Utils - [TestNG] Running:
  C:\workspaces\core java practice\opencartv121\master.xml

10:39:45.696 [main] INFO  testCases.TC001_AccountRegistration - ****Starting  TC001_AccountRegistration *****
10:39:46.268 [main] INFO  testCases.TC001_AccountRegistration - **clicked on my Account**
10:39:47.447 [main] INFO  testCases.TC001_AccountRegistration - **clicked on register
10:39:48.737 [main] INFO  testCases.TC001_AccountRegistration - **entered all the details**
10:39:49.583 [main] INFO  testCases.TC001_AccountRegistration - **confirming the details
10:39:49.654 [main] ERROR testCases.TC001_AccountRegistration - test failed
10:39:49.655 [main] DEBUG testCases.TC001_AccountRegistration - debug logs
16:23:54.540 [main] DEBUG org.testng.TestNG - suiteXmlPath: "C:\workspaces\core java practice\opencartv121\master.xml"
16:23:55.579 [main] INFO  org.testng.internal.Utils - [TestNG] Running:
  C:\workspaces\core java practice\opencartv121\master.xml

16:24:19.308 [main] INFO  testCases.TC001_AccountRegistration - ****Starting  TC001_AccountRegistration *****
16:24:20.000 [main] INFO  testCases.TC001_AccountRegistration - **clicked on my Account**
16:24:21.068 [main] INFO  testCases.TC001_AccountRegistration - **clicked on register
16:24:22.593 [main] INFO  testCases.TC001_AccountRegistration - **entered all the details**
16:24:23.547 [main] INFO  testCases.TC001_AccountRegistration - **confirming the details
16:24:23.623 [main] ERROR testCases.TC001_AccountRegistration - test failed
16:24:23.623 [main] DEBUG testCases.TC001_AccountRegistration - debug logs
18:20:59.219 [main] DEBUG org.testng.TestNG - suiteXmlPath: "C:\workspaces\core java practice\opencartv121\master.xml"
